[18:50:42] [main/INFO]: Loading tweak class name optifine.OptiFineTweaker
[18:50:42] [main/INFO]: Using primary tweak class name optifine.OptiFineTweaker
[18:50:42] [main/INFO]: Calling tweak class optifine.OptiFineTweaker
[18:50:43] [main/INFO]: Launching wrapped minecraft {net.minecraft.client.main.Main}
[18:50:43] [Client thread/INFO]: Setting user: jan
[18:50:43] [Client thread/INFO]: (Session ID is token:0:jan)
[18:50:43] [Client thread/INFO]: [OptiFine] *** Reflector Forge ***
[18:50:43] [Client thread/INFO]: [OptiFine] *** Reflector Vanilla ***
[18:50:43] [Client thread/INFO]: [OptiFine] (Reflector) Class not present: net.minecraftforge.fml.common.eventhandler.Event$Result
[18:50:43] [Client thread/INFO]: LWJGL Version: 2.9.4
[18:50:45] [Client thread/INFO]: [OptiFine] 
[18:50:45] [Client thread/INFO]: [OptiFine] OptiFine_1.8.9_HD_U_M5
[18:50:45] [Client thread/INFO]: [OptiFine] Build: 20210124-163719
[18:50:45] [Client thread/INFO]: [OptiFine] OS: Windows 10 (amd64) version 10.0
[18:50:45] [Client thread/INFO]: [OptiFine] Java: 18.0.1.1, BellSoft
[18:50:45] [Client thread/INFO]: [OptiFine] VM: OpenJDK 64-Bit Server VM (mixed mode), BellSoft
[18:50:45] [Client thread/INFO]: [OptiFine] LWJGL: 2.9.4
[18:50:45] [Client thread/INFO]: [OptiFine] OpenGL: NVIDIA GeForce RTX 3050 Ti Laptop GPU/PCIe/SSE2, version 4.6.0 NVIDIA 551.61, NVIDIA Corporation
[18:50:45] [Client thread/INFO]: [OptiFine] OpenGL Version: 4.6.0
[18:50:45] [Client thread/INFO]: [OptiFine] Maximum texture size: 32768x32768
[18:50:45] [VersionCheck/INFO]: [OptiFine] Checking for new version
[18:50:45] [Client thread/INFO]: [Shaders] OpenGL Version: 4.6.0 NVIDIA 551.61
[18:50:45] [Client thread/INFO]: [Shaders] Vendor:  NVIDIA Corporation
[18:50:45] [Client thread/INFO]: [Shaders] Renderer: NVIDIA GeForce RTX 3050 Ti Laptop GPU/PCIe/SSE2
[18:50:45] [Client thread/INFO]: [Shaders] Capabilities:  2.0  2.1  3.0  3.2  4.0 
[18:50:45] [Client thread/INFO]: [Shaders] GL_MAX_DRAW_BUFFERS: 8
[18:50:45] [Client thread/INFO]: [Shaders] GL_MAX_COLOR_ATTACHMENTS_EXT: 8
[18:50:45] [Client thread/INFO]: [Shaders] GL_MAX_TEXTURE_IMAGE_UNITS: 32
[18:50:45] [Client thread/INFO]: [Shaders] Load shaders configuration.
[18:50:45] [Client thread/INFO]: [Shaders] Shaders can not be loaded, Fast Render is enabled.
[18:50:45] [Client thread/INFO]: [Shaders] No shaderpack loaded.
[18:50:45] [Client thread/INFO]: [OptiFine] (Reflector) Class not present: net.minecraftforge.fml.common.Loader
[18:50:45] [Client thread/INFO]: [OptiFine] (Reflector) Class not present: net.minecraftforge.fml.client.SplashProgress
[18:50:45] [Client thread/INFO]: Reloading ResourceManager: Default, FullBright-1.8.zip, NewTextures-1.8.zip
[18:50:45] [Client thread/INFO]: [OptiFine] *** Reloading textures ***
[18:50:45] [Client thread/INFO]: [OptiFine] Resource packs: FullBright-1.8.zip, NewTextures-1.8.zip
[18:50:45] [Client thread/INFO]: [OptiFine] (Reflector) Class not present: net.minecraftforge.client.model.Attributes
[18:50:45] [Client thread/INFO]: [OptiFine] (Reflector) Method not present: bmv$b.preDraw
[18:50:45] [Client thread/INFO]: [OptiFine] (Reflector) Method not present: bmv$b.postDraw
[18:50:45] [Client thread/ERROR]: Couldn't initialize twitch stream
[18:50:45] [Sound Library Loader/INFO]: Starting up SoundSystem...
[18:50:45] [VersionCheck/INFO]: [OptiFine] Version found: M5
[18:50:45] [Thread-3/INFO]: Initializing LWJGL OpenAL
[18:50:45] [Thread-3/INFO]: (The LWJGL binding of OpenAL.  For more information, see http://www.lwjgl.org)
[18:50:45] [Client thread/INFO]: [OptiFine] (Reflector) Class not present: net.minecraftforge.client.ForgeHooksClient
[18:50:45] [Client thread/INFO]: [OptiFine] Multitexture: false
[18:50:45] [Client thread/INFO]: [OptiFine] ConnectedTextures: mcpatcher/ctm/default/00_glass_white/glass_white.properties
[18:50:45] [Client thread/INFO]: [OptiFine] ConnectedTextures: mcpatcher/ctm/default/00_glass_white/white_stained_glass.properties
[18:50:45] [Client thread/WARN]: [OptiFine] ConnectedTextures: Block not found for name: minecraft:white_stained_glass
[18:50:45] [Client thread/INFO]: [OptiFine] ConnectedTextures: mcpatcher/ctm/default/00_glass_white/white_stained_glass_pane.properties
[18:50:45] [Client thread/WARN]: [OptiFine] ConnectedTextures: Block not found for name: minecraft:white_stained_glass_pane
[18:50:45] [Client thread/INFO]: [OptiFine] ConnectedTextures: mcpatcher/ctm/default/01_glass_orange/glass_orange.properties
[18:50:45] [Client thread/INFO]: [OptiFine] ConnectedTextures: mcpatcher/ctm/default/01_glass_orange/glass_pane.properties
[18:50:45] [Client thread/WARN]: [OptiFine] ConnectedTextures: Block not found for name: minecraft:orange_stained_glass_pane
[18:50:45] [Client thread/INFO]: [OptiFine] ConnectedTextures: mcpatcher/ctm/default/01_glass_orange/orange_stained_glass.properties
[18:50:45] [Client thread/WARN]: [OptiFine] ConnectedTextures: Block not found for name: minecraft:orange_stained_glass
[18:50:45] [Client thread/INFO]: [OptiFine] ConnectedTextures: mcpatcher/ctm/default/02_glass_magenta/glass_magenta.properties
[18:50:45] [Client thread/INFO]: [OptiFine] ConnectedTextures: mcpatcher/ctm/default/02_glass_magenta/magenta_stained_glass.properties
[18:50:45] [Client thread/WARN]: [OptiFine] ConnectedTextures: Block not found for name: minecraft:magenta_stained_glass
[18:50:45] [Client thread/INFO]: [OptiFine] ConnectedTextures: mcpatcher/ctm/default/02_glass_magenta/magentia_stained_glass_pane.properties
[18:50:45] [Client thread/WARN]: [OptiFine] ConnectedTextures: Block not found for name: minecraft:magenta_stained_glass_pane
[18:50:45] [Client thread/INFO]: [OptiFine] ConnectedTextures: mcpatcher/ctm/default/03_glass_light_blue/glass_light_blue.properties
[18:50:45] [Client thread/INFO]: [OptiFine] ConnectedTextures: mcpatcher/ctm/default/03_glass_light_blue/light_blue_stained_glass.properties
[18:50:45] [Client thread/WARN]: [OptiFine] ConnectedTextures: Block not found for name: minecraft:light_blue_stained_glass
[18:50:45] [Client thread/INFO]: [OptiFine] ConnectedTextures: mcpatcher/ctm/default/03_glass_light_blue/light_blue_stained_glass_pane.properties
[18:50:45] [Client thread/WARN]: [OptiFine] ConnectedTextures: Block not found for name: minecraft:light_blue_stained_glass_pane
[18:50:45] [Client thread/INFO]: [OptiFine] ConnectedTextures: mcpatcher/ctm/default/04_glass_yellow/glass_yellow.properties
[18:50:45] [Client thread/INFO]: [OptiFine] ConnectedTextures: mcpatcher/ctm/default/04_glass_yellow/yellow_stained_glass.properties
[18:50:45] [Client thread/WARN]: [OptiFine] ConnectedTextures: Block not found for name: minecraft:yellow_stained_glass
[18:50:45] [Client thread/INFO]: [OptiFine] ConnectedTextures: mcpatcher/ctm/default/04_glass_yellow/yellow_stained_glass_pane.properties
[18:50:45] [Client thread/WARN]: [OptiFine] ConnectedTextures: Block not found for name: minecraft:yellow_stained_glass_pane
[18:50:45] [Client thread/INFO]: [OptiFine] ConnectedTextures: mcpatcher/ctm/default/05_glass_lime/glass_lime.properties
[18:50:45] [Client thread/INFO]: [OptiFine] ConnectedTextures: mcpatcher/ctm/default/05_glass_lime/glass_pane.properties
[18:50:45] [Client thread/WARN]: [OptiFine] ConnectedTextures: Block not found for name: minecraft:lime_stained_glass_pane
[18:50:45] [Client thread/INFO]: [OptiFine] ConnectedTextures: mcpatcher/ctm/default/05_glass_lime/lime_stained_glass.properties
[18:50:45] [Client thread/WARN]: [OptiFine] ConnectedTextures: Block not found for name: minecraft:lime_stained_glass
[18:50:45] [Client thread/INFO]: [OptiFine] ConnectedTextures: mcpatcher/ctm/default/06_glass_pink/glass_pink.properties
[18:50:45] [Client thread/INFO]: [OptiFine] ConnectedTextures: mcpatcher/ctm/default/06_glass_pink/pink_stained_glass.properties
[18:50:45] [Client thread/WARN]: [OptiFine] ConnectedTextures: Block not found for name: minecraft:pink_stained_glass
[18:50:45] [Client thread/INFO]: [OptiFine] ConnectedTextures: mcpatcher/ctm/default/06_glass_pink/pink_stained_glass_pane.properties
[18:50:45] [Client thread/WARN]: [OptiFine] ConnectedTextures: Block not found for name: minecraft:pink_stained_glass_pane
[18:50:45] [Client thread/INFO]: [OptiFine] ConnectedTextures: mcpatcher/ctm/default/07_glass_gray/glass_gray.properties
[18:50:45] [Client thread/INFO]: [OptiFine] ConnectedTextures: mcpatcher/ctm/default/07_glass_gray/glass_pane.properties
[18:50:45] [Client thread/WARN]: [OptiFine] ConnectedTextures: Block not found for name: minecraft:gray_stained_glass_pane
[18:50:45] [Client thread/INFO]: [OptiFine] ConnectedTextures: mcpatcher/ctm/default/07_glass_gray/gray_stained_glass.properties
[18:50:45] [Client thread/WARN]: [OptiFine] ConnectedTextures: Block not found for name: minecraft:gray_stained_glass
[18:50:45] [Client thread/INFO]: [OptiFine] ConnectedTextures: mcpatcher/ctm/default/08_glass_light_gray/glass_silver.properties
[18:50:45] [Client thread/INFO]: [OptiFine] ConnectedTextures: mcpatcher/ctm/default/08_glass_light_gray/light_gray_stained_glass.properties
[18:50:45] [Client thread/WARN]: [OptiFine] ConnectedTextures: Block not found for name: minecraft:light_gray_stained_glass
[18:50:45] [Client thread/INFO]: [OptiFine] ConnectedTextures: mcpatcher/ctm/default/08_glass_light_gray/light_gray_stained_glass_pane.properties
[18:50:45] [Client thread/WARN]: [OptiFine] ConnectedTextures: Block not found for name: minecraft:light_gray_stained_glass_pane
[18:50:45] [Client thread/INFO]: [OptiFine] ConnectedTextures: mcpatcher/ctm/default/09_glass_cyan/cyan_stained_glass.properties
[18:50:45] [Client thread/WARN]: [OptiFine] ConnectedTextures: Block not found for name: minecraft:cyan_stained_glass
[18:50:45] [Client thread/INFO]: [OptiFine] ConnectedTextures: mcpatcher/ctm/default/09_glass_cyan/cyan_stained_glass_pane.properties
[18:50:45] [Client thread/WARN]: [OptiFine] ConnectedTextures: Block not found for name: minecraft:cyan_stained_glass_pane
[18:50:45] [Client thread/INFO]: [OptiFine] ConnectedTextures: mcpatcher/ctm/default/09_glass_cyan/glass_cyan.properties
[18:50:45] [Client thread/INFO]: [OptiFine] ConnectedTextures: mcpatcher/ctm/default/10_glass_purple/glass_purple.properties
[18:50:45] [Client thread/INFO]: [OptiFine] ConnectedTextures: mcpatcher/ctm/default/10_glass_purple/purple_stained_glass.properties
[18:50:45] [Client thread/WARN]: [OptiFine] ConnectedTextures: Block not found for name: minecraft:purple_stained_glass
[18:50:45] [Client thread/INFO]: [OptiFine] ConnectedTextures: mcpatcher/ctm/default/10_glass_purple/purple_stained_glass_pane.properties
[18:50:45] [Client thread/WARN]: [OptiFine] ConnectedTextures: Block not found for name: minecraft:purple_stained_glass_pane
[18:50:45] [Client thread/INFO]: [OptiFine] ConnectedTextures: mcpatcher/ctm/default/11_glass_blue/blue_stained_glass.properties
[18:50:45] [Client thread/WARN]: [OptiFine] ConnectedTextures: Block not found for name: minecraft:blue_stained_glass
[18:50:45] [Client thread/INFO]: [OptiFine] ConnectedTextures: mcpatcher/ctm/default/11_glass_blue/blue_stained_glass_pane.properties
[18:50:45] [Client thread/WARN]: [OptiFine] ConnectedTextures: Block not found for name: minecraft:blue_stained_glass_pane
[18:50:45] [Client thread/INFO]: [OptiFine] ConnectedTextures: mcpatcher/ctm/default/11_glass_blue/glass_blue.properties
[18:50:45] [Client thread/INFO]: [OptiFine] ConnectedTextures: mcpatcher/ctm/default/12_glass_brown/brown_stained_glass.properties
[18:50:45] [Client thread/WARN]: [OptiFine] ConnectedTextures: Block not found for name: minecraft:brown_stained_glass
[18:50:45] [Client thread/INFO]: [OptiFine] ConnectedTextures: mcpatcher/ctm/default/12_glass_brown/brown_stained_glass_pane.properties
[18:50:45] [Client thread/WARN]: [OptiFine] ConnectedTextures: Block not found for name: minecraft:brown_stained_glass_pane
[18:50:45] [Client thread/INFO]: [OptiFine] ConnectedTextures: mcpatcher/ctm/default/12_glass_brown/glass_brown.properties
[18:50:45] [Client thread/INFO]: [OptiFine] ConnectedTextures: mcpatcher/ctm/default/13_glass_green/glass_green.properties
[18:50:45] [Client thread/INFO]: [OptiFine] ConnectedTextures: mcpatcher/ctm/default/13_glass_green/green_stained_glass.properties
[18:50:45] [Client thread/WARN]: [OptiFine] ConnectedTextures: Block not found for name: minecraft:green_stained_glass
[18:50:45] [Client thread/INFO]: [OptiFine] ConnectedTextures: mcpatcher/ctm/default/13_glass_green/green_stained_glass_pane.properties
[18:50:45] [Client thread/WARN]: [OptiFine] ConnectedTextures: Block not found for name: minecraft:green_stained_glass_pane
[18:50:45] [Client thread/INFO]: [OptiFine] ConnectedTextures: mcpatcher/ctm/default/14_glass_red/glass_pane.properties
[18:50:45] [Client thread/WARN]: [OptiFine] ConnectedTextures: Block not found for name: minecraft:red_stained_glass_pane
[18:50:45] [Client thread/INFO]: [OptiFine] ConnectedTextures: mcpatcher/ctm/default/14_glass_red/glass_red.properties
[18:50:45] [Client thread/INFO]: [OptiFine] ConnectedTextures: mcpatcher/ctm/default/14_glass_red/red_stained_glass.properties
[18:50:45] [Client thread/WARN]: [OptiFine] ConnectedTextures: Block not found for name: minecraft:red_stained_glass
[18:50:45] [Client thread/INFO]: [OptiFine] ConnectedTextures: mcpatcher/ctm/default/15_glass_black/black_stained_glass.properties
[18:50:45] [Client thread/WARN]: [OptiFine] ConnectedTextures: Block not found for name: minecraft:black_stained_glass
[18:50:45] [Client thread/INFO]: [OptiFine] ConnectedTextures: mcpatcher/ctm/default/15_glass_black/black_stained_glass_pane.properties
[18:50:45] [Client thread/WARN]: [OptiFine] ConnectedTextures: Block not found for name: minecraft:black_stained_glass_pane
[18:50:45] [Client thread/INFO]: [OptiFine] ConnectedTextures: mcpatcher/ctm/default/15_glass_black/glass_black.properties
[18:50:45] [Client thread/INFO]: [OptiFine] ConnectedTextures: mcpatcher/ctm/default/20_glass/glass.properties
[18:50:45] [Client thread/INFO]: [OptiFine] ConnectedTextures: mcpatcher/ctm/default/20_glass/glass_pane.properties
[18:50:45] [Client thread/INFO]: [OptiFine] ConnectedTextures: mcpatcher/ctm/default/30_bookshelf/bookshelf.properties
[18:50:45] [Client thread/INFO]: [OptiFine] ConnectedTextures: mcpatcher/ctm/default/40_sandstone/sandstone.properties
[18:50:45] [Client thread/INFO]: [OptiFine] ConnectedTextures: mcpatcher/ctm/default/41_red_sandstone/red_sandstone.properties
[18:50:45] [Client thread/INFO]: [OptiFine] Multipass connected textures: false
[18:50:45] [Client thread/INFO]: [OptiFine] Multipass connected textures: false
[18:50:45] [Client thread/INFO]: [OptiFine] Multipass connected textures: false
[18:50:45] [Client thread/INFO]: [OptiFine] BetterGrass: Parsing default configuration optifine/bettergrass.properties
[18:50:46] [Client thread/INFO]: Created: 1024x512 textures-atlas
[18:50:46] [Client thread/INFO]: [OptiFine] Animated sprites: 12
[18:50:46] [Client thread/INFO]: [OptiFine] (Reflector) Class not present: net.minecraftforge.client.model.ModelLoader
[18:50:46] [Thread-3/INFO]: OpenAL initialized.
[18:50:46] [Sound Library Loader/INFO]: Sound engine started
[18:50:46] [Client thread/INFO]: [OptiFine] (Reflector) Class not present: net.minecraftforge.client.ItemModelMesherForge
[18:50:46] [Client thread/INFO]: [OptiFine] (Reflector) Class not present: net.minecraftforge.fml.client.registry.RenderingRegistry
[18:50:46] [Client thread/INFO]: [OptiFine] (Reflector) Class not present: net.minecraftforge.common.ForgeModContainer
[18:50:46] [Client thread/INFO]: [OptiFine] (Reflector) Class not present: net.minecraftforge.fml.client.GuiModList
[18:50:46] [Client thread/ERROR]: Realms module missing
java.lang.ClassNotFoundException: com.mojang.realmsclient.gui.screens.RealmsNotificationsScreen
	at net.minecraft.launchwrapper.LaunchClassLoader.findClass(LaunchClassLoader.java:186) ~[launchwrapper.jar:2.2]
	at java.lang.ClassLoader.loadClass(ClassLoader.java:588) ~[?:?]
	at java.lang.ClassLoader.loadClass(ClassLoader.java:521) ~[?:?]
	at java.lang.Class.forName0(Native Method) ~[?:?]
	at java.lang.Class.forName(Class.java:383) ~[?:?]
	at java.lang.Class.forName(Class.java:376) ~[?:?]
	at net.minecraft.realms.RealmsBridge.getNotificationScreen(SourceFile:32) ~[RealmsBridge.class:?]
	at aya.b(GuiMainMenu.java:254) ~[aya.class:?]
	at axu.a(SourceFile:376) ~[game.jar:?]
	at ave.a(SourceFile:819) ~[game.jar:?]
	at ave.am(SourceFile:476) ~[game.jar:?]
	at ave.a(SourceFile:310) ~[game.jar:?]
	at net.minecraft.client.main.Main.main(SourceFile:124) ~[game.jar:?]
	at jdk.internal.reflect.DirectMethodHandleAccessor.invoke(DirectMethodHandleAccessor.java:104) ~[?:?]
	at java.lang.reflect.Method.invoke(Method.java:577) ~[?:?]
	at net.minecraft.launchwrapper.Launch.launch(Launch.java:159) ~[launchwrapper.jar:2.2]
	at net.minecraft.launchwrapper.Launch.main(Launch.java:30) ~[launchwrapper.jar:2.2]
Caused by: java.lang.NullPointerException
[18:50:46] [Client thread/INFO]: [OptiFine] (Reflector) Class not present: mods.betterfoliage.client.BetterFoliageClient
[18:50:46] [Client thread/INFO]: [OptiFine] (Reflector) Class not present: net.minecraftforge.fml.common.asm.transformers.BlamingTransformer
[18:50:46] [Client thread/INFO]: [OptiFine] (Reflector) Class not present: net.minecraftforge.event.world.ChunkWatchEvent$UnWatch
[18:50:46] [Client thread/INFO]: [OptiFine] (Reflector) Class not present: net.minecraftforge.fml.relauncher.CoreModManager
[18:50:46] [Client thread/INFO]: [OptiFine] (Reflector) Class not present: net.minecraftforge.common.DimensionManager
[18:50:46] [Client thread/INFO]: [OptiFine] (Reflector) Class not present: net.minecraftforge.client.event.GuiScreenEvent$DrawScreenEvent$Pre
[18:50:46] [Client thread/INFO]: [OptiFine] (Reflector) Class not present: net.minecraftforge.client.event.GuiScreenEvent$DrawScreenEvent$Post
[18:50:46] [Client thread/INFO]: [OptiFine] (Reflector) Class not present: net.minecraftforge.client.event.EntityViewRenderEvent$CameraSetup
[18:50:46] [Client thread/INFO]: [OptiFine] (Reflector) Class not present: net.minecraftforge.client.event.EntityViewRenderEvent$FogColors
[18:50:46] [Client thread/INFO]: [OptiFine] (Reflector) Class not present: net.minecraftforge.fml.common.eventhandler.Event
[18:50:46] [Client thread/INFO]: [OptiFine] (Reflector) Class not present: net.minecraftforge.fml.common.eventhandler.EventBus
[18:50:46] [Client thread/INFO]: [OptiFine] (Reflector) Class not present: net.minecraftforge.common.property.ExtendedBlockState
[18:50:46] [Client thread/INFO]: [OptiFine] (Reflector) Class not present: net.minecraftforge.fml.client.FMLClientHandler
[18:50:46] [Client thread/INFO]: [OptiFine] (Reflector) Class not present: net.minecraftforge.fml.common.FMLCommonHandler
[18:50:46] [Client thread/INFO]: [OptiFine] (Reflector) Method not present: ady.getWaterColorMultiplier
[18:50:46] [Client thread/INFO]: [OptiFine] (Reflector) Method not present: afh.addDestroyEffects
[18:50:46] [Client thread/INFO]: [OptiFine] (Reflector) Method not present: afh.addHitEffects
[18:50:46] [Client thread/INFO]: [OptiFine] (Reflector) Method not present: afh.canCreatureSpawn
[18:50:46] [Client thread/INFO]: [OptiFine] (Reflector) Method not present: afh.canRenderInLayer
[18:50:46] [Client thread/INFO]: [OptiFine] (Reflector) Method not present: afh.doesSideBlockRendering
[18:50:46] [Client thread/INFO]: [OptiFine] (Reflector) Method not present: afh.getBedDirection
[18:50:46] [Client thread/INFO]: [OptiFine] (Reflector) Method not present: afh.getExtendedState
[18:50:46] [Client thread/INFO]: [OptiFine] (Reflector) Method not present: afh.getLightOpacity
[18:50:46] [Client thread/INFO]: [OptiFine] (Reflector) Method not present: afh.getLightValue
[18:50:46] [Client thread/INFO]: [OptiFine] (Reflector) Method not present: afh.hasTileEntity
[18:50:46] [Client thread/INFO]: [OptiFine] (Reflector) Method not present: afh.isAir
[18:50:46] [Client thread/INFO]: [OptiFine] (Reflector) Method not present: afh.isBed
[18:50:46] [Client thread/INFO]: [OptiFine] (Reflector) Method not present: afh.isBedFoot
[18:50:46] [Client thread/INFO]: [OptiFine] (Reflector) Method not present: afh.isSideSolid
[18:50:46] [Client thread/INFO]: [OptiFine] (Reflector) Method not present: adv.isSideSolid
[18:50:46] [Client thread/INFO]: [OptiFine] (Reflector) Method not present: pk.canRiderInteract
[18:50:46] [Client thread/INFO]: [OptiFine] (Reflector) Field not present: pk.captureDrops
[18:50:46] [Client thread/INFO]: [OptiFine] (Reflector) Field not present: pk.capturedDrops
[18:50:46] [Client thread/INFO]: [OptiFine] (Reflector) Method not present: pk.shouldRenderInPass
[18:50:46] [Client thread/INFO]: [OptiFine] (Reflector) Method not present: pk.shouldRiderSit
[18:50:46] [Client thread/INFO]: [OptiFine] (Reflector) Class not present: net.minecraftforge.event.ForgeEventFactory
[18:50:46] [Client thread/INFO]: [OptiFine] (Reflector) Class not present: net.minecraftforge.common.ForgeHooks
[18:50:46] [Client thread/INFO]: [OptiFine] (Reflector) Field not present: zw.delegate
[18:50:46] [Client thread/INFO]: [OptiFine] (Reflector) Method not present: zw.getDurabilityForDisplay
[18:50:46] [Client thread/INFO]: [OptiFine] (Reflector) Method not present: zw.getModel
[18:50:46] [Client thread/INFO]: [OptiFine] (Reflector) Method not present: zw.onEntitySwing
[18:50:46] [Client thread/INFO]: [OptiFine] (Reflector) Method not present: zw.shouldCauseReequipAnimation
[18:50:46] [Client thread/INFO]: [OptiFine] (Reflector) Method not present: zw.showDurabilityBar
[18:50:46] [Client thread/INFO]: [OptiFine] (Reflector) Method not present: pf.isCurativeItem
[18:50:46] [Client thread/INFO]: [OptiFine] (Reflector) Method not present: akw.canRenderBreaking
[18:50:46] [Client thread/INFO]: [OptiFine] (Reflector) Method not present: akw.getRenderBoundingBox
[18:50:46] [Client thread/INFO]: [OptiFine] (Reflector) Method not present: akw.hasFastRenderer
[18:50:46] [Client thread/INFO]: [OptiFine] (Reflector) Method not present: akw.shouldRenderInPass
[18:50:46] [Client thread/INFO]: [OptiFine] (Reflector) Method not present: adm.countEntities
[18:50:46] [Client thread/INFO]: [OptiFine] (Reflector) Method not present: adm.getPerWorldStorage
[18:50:46] [Client thread/INFO]: [OptiFine] (Reflector) Method not present: anm.getCloudRenderer
[18:50:46] [Client thread/INFO]: [OptiFine] (Reflector) Method not present: anm.getSkyRenderer
[18:50:46] [Client thread/INFO]: [OptiFine] (Reflector) Method not present: anm.getWeatherRenderer
[18:50:46] [Client thread/INFO]: [OptiFine] (Reflector) Method not present: anm.getSaveFolder
[18:50:46] [Client thread/INFO]: [OptiFine] (Reflector) Class not present: net.minecraftforge.client.model.IColoredBakedQuad
[18:50:46] [Client thread/INFO]: [OptiFine] (Reflector) Class not present: net.minecraftforge.common.property.IExtendedBlockState
[18:50:46] [Client thread/INFO]: [OptiFine] (Reflector) Class not present: net.minecraftforge.client.model.IModel
[18:50:46] [Client thread/INFO]: [OptiFine] (Reflector) Class not present: net.minecraftforge.client.IRenderHandler
[18:50:46] [Client thread/INFO]: [OptiFine] (Reflector) Class not present: net.minecraftforge.client.model.pipeline.LightUtil
[18:50:46] [Client thread/INFO]: [OptiFine] (Reflector) Class not present: net.minecraftforge.common.MinecraftForge
[18:50:46] [Client thread/INFO]: [OptiFine] (Reflector) Class not present: net.minecraftforge.client.MinecraftForgeClient
[18:50:46] [Client thread/INFO]: [OptiFine] (Reflector) Class not present: net.minecraftforge.fml.common.ModContainer
[18:50:46] [Client thread/INFO]: [OptiFine] (Reflector) Class not present: net.minecraftforge.client.model.ModelLoader$VanillaLoader
[18:50:46] [Client thread/INFO]: [OptiFine] (Reflector) Class not present: net.minecraftforge.client.event.RenderBlockOverlayEvent$OverlayType
[18:50:46] [Client thread/INFO]: [OptiFine] (Reflector) Class not present: net.minecraftforge.client.event.RenderItemInFrameEvent
[18:50:46] [Client thread/INFO]: [OptiFine] (Reflector) Class not present: net.minecraftforge.client.event.RenderLivingEvent$Pre
[18:50:46] [Client thread/INFO]: [OptiFine] (Reflector) Class not present: net.minecraftforge.client.event.RenderLivingEvent$Post
[18:50:46] [Client thread/INFO]: [OptiFine] (Reflector) Class not present: net.minecraftforge.client.event.RenderLivingEvent$Specials$Pre
[18:50:46] [Client thread/INFO]: [OptiFine] (Reflector) Class not present: net.minecraftforge.client.event.RenderLivingEvent$Specials$Post
[18:50:46] [Client thread/INFO]: [OptiFine] (Reflector) Class not present: net.minecraftforge.event.world.WorldEvent$Load
[18:50:46] [Client thread/INFO]: [OptiFine] *** Reloading custom textures ***
[18:50:46] [Client thread/INFO]: [OptiFine] CustomColors: Colormap mcpatcher/lightmap/world-1.png
[18:50:46] [Client thread/INFO]: [OptiFine] CustomColors: Colormap mcpatcher/lightmap/world0.png
[18:50:46] [Client thread/INFO]: [OptiFine] CustomColors: Colormap mcpatcher/lightmap/world1.png
[18:50:46] [Client thread/INFO]: [OptiFine] CustomColors: Loading mcpatcher/color.properties
[18:50:46] [Client thread/INFO]: [OptiFine] CustomColors: text.boss = ff00ff
[18:50:46] [Client thread/INFO]: [OptiFine] CustomColors: text.sign = 000000
[18:50:46] [Client thread/WARN]: [OptiFine] CustomColors: Invalid color: collar.light_gray = 999999
[18:50:46] [Client thread/INFO]: [OptiFine] CustomColors: Wolf collar colors: 15
[18:50:46] [Client thread/WARN]: [OptiFine] CustomColors: Invalid color: sheep.light_gray = 999999
[18:50:46] [Client thread/INFO]: [OptiFine] CustomColors: Sheep colors: 15
[18:50:46] [Client thread/INFO]: [OptiFine] CustomColors: Text colors: 32
[18:50:46] [Client thread/INFO]: [OptiFine] Enable face culling: acacia_leaves, birch_leaves, dark_oak_leaves, jungle_leaves, oak_leaves, spruce_leaves
[18:50:53] [Client thread/ERROR]: Realms module missing
java.lang.ClassNotFoundException: com.mojang.realmsclient.gui.screens.RealmsNotificationsScreen
	at net.minecraft.launchwrapper.LaunchClassLoader.findClass(LaunchClassLoader.java:98) ~[launchwrapper.jar:2.2]
	at java.lang.ClassLoader.loadClass(ClassLoader.java:588) ~[?:?]
	at java.lang.ClassLoader.loadClass(ClassLoader.java:521) ~[?:?]
	at java.lang.Class.forName0(Native Method) ~[?:?]
	at java.lang.Class.forName(Class.java:383) ~[?:?]
	at java.lang.Class.forName(Class.java:376) ~[?:?]
	at net.minecraft.realms.RealmsBridge.getNotificationScreen(SourceFile:32) ~[RealmsBridge.class:?]
	at aya.b(GuiMainMenu.java:254) ~[aya.class:?]
	at axu.a(SourceFile:376) ~[game.jar:?]
	at ave.a(SourceFile:819) ~[game.jar:?]
	at axv.i(SourceFile:156) ~[game.jar:?]
	at axv$a.a(SourceFile:224) ~[axv$a.class:?]
	at awi.p(GuiSlot.java:348) ~[awi.class:?]
	at axv.k(SourceFile:82) ~[game.jar:?]
	at axu.p(SourceFile:390) ~[game.jar:?]
	at ave.s(SourceFile:1498) ~[game.jar:?]
	at ave.av(SourceFile:889) ~[game.jar:?]
	at ave.a(SourceFile:325) ~[game.jar:?]
	at net.minecraft.client.main.Main.main(SourceFile:124) ~[game.jar:?]
	at jdk.internal.reflect.DirectMethodHandleAccessor.invoke(DirectMethodHandleAccessor.java:104) ~[?:?]
	at java.lang.reflect.Method.invoke(Method.java:577) ~[?:?]
	at net.minecraft.launchwrapper.Launch.launch(Launch.java:159) ~[launchwrapper.jar:2.2]
	at net.minecraft.launchwrapper.Launch.main(Launch.java:30) ~[launchwrapper.jar:2.2]
[18:50:53] [Server thread/INFO]: Starting integrated minecraft server version 1.9
[18:50:53] [Server thread/INFO]: Generating keypair
[18:50:54] [Server thread/INFO]: Preparing start region for level 0
[18:50:54] [Server thread/INFO]: Changing view distance to 8, from 10
[18:50:54] [Client thread/ERROR]: Realms module missing
java.lang.ClassNotFoundException: com.mojang.realmsclient.gui.screens.RealmsNotificationsScreen
	at net.minecraft.launchwrapper.LaunchClassLoader.findClass(LaunchClassLoader.java:98) ~[launchwrapper.jar:2.2]
	at java.lang.ClassLoader.loadClass(ClassLoader.java:588) ~[?:?]
	at java.lang.ClassLoader.loadClass(ClassLoader.java:521) ~[?:?]
	at java.lang.Class.forName0(Native Method) ~[?:?]
	at java.lang.Class.forName(Class.java:383) ~[?:?]
	at java.lang.Class.forName(Class.java:376) ~[?:?]
	at net.minecraft.realms.RealmsBridge.getNotificationScreen(SourceFile:32) ~[RealmsBridge.class:?]
	at aya.b(GuiMainMenu.java:254) ~[aya.class:?]
	at axu.a(SourceFile:376) ~[game.jar:?]
	at ave.a(SourceFile:819) ~[game.jar:?]
	at ave.a(SourceFile:1940) ~[game.jar:?]
	at axv.i(SourceFile:172) ~[game.jar:?]
	at axv$a.a(SourceFile:224) ~[axv$a.class:?]
	at awi.p(GuiSlot.java:348) ~[awi.class:?]
	at axv.k(SourceFile:82) ~[game.jar:?]
	at axu.p(SourceFile:390) ~[game.jar:?]
	at ave.s(SourceFile:1498) ~[game.jar:?]
	at ave.av(SourceFile:889) ~[game.jar:?]
	at ave.a(SourceFile:325) ~[game.jar:?]
	at net.minecraft.client.main.Main.main(SourceFile:124) ~[game.jar:?]
	at jdk.internal.reflect.DirectMethodHandleAccessor.invoke(DirectMethodHandleAccessor.java:104) ~[?:?]
	at java.lang.reflect.Method.invoke(Method.java:577) ~[?:?]
	at net.minecraft.launchwrapper.Launch.launch(Launch.java:159) ~[launchwrapper.jar:2.2]
	at net.minecraft.launchwrapper.Launch.main(Launch.java:30) ~[launchwrapper.jar:2.2]
[18:50:54] [Server thread/INFO]: jan[local:E:730cfcfa] logged in with entity id 135 at (429.05933277282276, 89.13864363408193, 362.50056696765034)
[18:50:54] [Server thread/INFO]: jan se ha unido a la partida
[18:50:57] [Server thread/INFO]: Saving and pausing game...
[18:50:57] [Server thread/INFO]: Saving chunks for level 'Mundo nuevo'/Overworld
[18:50:57] [Server thread/INFO]: Saving chunks for level 'Mundo nuevo'/Nether
[18:50:57] [Server thread/INFO]: Saving chunks for level 'Mundo nuevo'/The End
[18:51:00] [Client thread/INFO]: Reloading ResourceManager: Default
[18:51:00] [Client thread/INFO]: [OptiFine] *** Reloading textures ***
[18:51:00] [Client thread/INFO]: [OptiFine] Resource packs: Default
[18:51:00] [Client thread/INFO]: SoundSystem shutting down...
[18:51:00] [Client thread/WARN]: Author: Paul Lamb, www.paulscode.com
[18:51:00] [Sound Library Loader/INFO]: Starting up SoundSystem...
[18:51:00] [Client thread/INFO]: [OptiFine] Multitexture: false
[18:51:00] [Client thread/INFO]: [OptiFine] ConnectedTextures: mcpatcher/ctm/default/0_glass_white/glass_pane_white.properties
[18:51:00] [Client thread/INFO]: [OptiFine] ConnectedTextures: mcpatcher/ctm/default/0_glass_white/glass_white.properties
[18:51:00] [Client thread/INFO]: [OptiFine] ConnectedTextures: mcpatcher/ctm/default/10_glass_purple/glass_pane_purple.properties
[18:51:00] [Client thread/INFO]: [OptiFine] ConnectedTextures: mcpatcher/ctm/default/10_glass_purple/glass_purple.properties
[18:51:00] [Client thread/INFO]: [OptiFine] ConnectedTextures: mcpatcher/ctm/default/11_glass_blue/glass_blue.properties
[18:51:00] [Client thread/INFO]: [OptiFine] ConnectedTextures: mcpatcher/ctm/default/11_glass_blue/glass_pane_blue.properties
[18:51:00] [Client thread/INFO]: [OptiFine] ConnectedTextures: mcpatcher/ctm/default/12_glass_brown/glass_brown.properties
[18:51:00] [Client thread/INFO]: [OptiFine] ConnectedTextures: mcpatcher/ctm/default/12_glass_brown/glass_pane_brown.properties
[18:51:00] [Client thread/INFO]: [OptiFine] ConnectedTextures: mcpatcher/ctm/default/13_glass_green/glass_green.properties
[18:51:00] [Client thread/INFO]: [OptiFine] ConnectedTextures: mcpatcher/ctm/default/13_glass_green/glass_pane_green.properties
[18:51:00] [Client thread/INFO]: [OptiFine] ConnectedTextures: mcpatcher/ctm/default/14_glass_red/glass_pane_red.properties
[18:51:00] [Client thread/INFO]: [OptiFine] ConnectedTextures: mcpatcher/ctm/default/14_glass_red/glass_red.properties
[18:51:00] [Client thread/INFO]: [OptiFine] ConnectedTextures: mcpatcher/ctm/default/15_glass_black/glass_black.properties
[18:51:00] [Client thread/INFO]: [OptiFine] ConnectedTextures: mcpatcher/ctm/default/15_glass_black/glass_pane_black.properties
[18:51:00] [Client thread/INFO]: [OptiFine] ConnectedTextures: mcpatcher/ctm/default/1_glass_orange/glass_orange.properties
[18:51:00] [Client thread/INFO]: [OptiFine] ConnectedTextures: mcpatcher/ctm/default/1_glass_orange/glass_pane_orange.properties
[18:51:00] [Client thread/INFO]: [OptiFine] ConnectedTextures: mcpatcher/ctm/default/2_glass_magenta/glass_magenta.properties
[18:51:00] [Client thread/INFO]: [OptiFine] ConnectedTextures: mcpatcher/ctm/default/2_glass_magenta/glass_pane_magenta.properties
[18:51:00] [Client thread/INFO]: [OptiFine] ConnectedTextures: mcpatcher/ctm/default/3_glass_light_blue/glass_light_blue.properties
[18:51:00] [Client thread/INFO]: [OptiFine] ConnectedTextures: mcpatcher/ctm/default/3_glass_light_blue/glass_pane_light_blue.properties
[18:51:00] [Client thread/INFO]: [OptiFine] ConnectedTextures: mcpatcher/ctm/default/4_glass_yellow/glass_pane_yellow.properties
[18:51:00] [Client thread/INFO]: [OptiFine] ConnectedTextures: mcpatcher/ctm/default/4_glass_yellow/glass_yellow.properties
[18:51:00] [Client thread/INFO]: [OptiFine] ConnectedTextures: mcpatcher/ctm/default/5_glass_lime/glass_lime.properties
[18:51:00] [Client thread/INFO]: [OptiFine] ConnectedTextures: mcpatcher/ctm/default/5_glass_lime/glass_pane_lime.properties
[18:51:00] [Client thread/INFO]: [OptiFine] ConnectedTextures: mcpatcher/ctm/default/6_glass_pink/glass_pane_pink.properties
[18:51:00] [Client thread/INFO]: [OptiFine] ConnectedTextures: mcpatcher/ctm/default/6_glass_pink/glass_pink.properties
[18:51:00] [Client thread/INFO]: [OptiFine] ConnectedTextures: mcpatcher/ctm/default/7_glass_gray/glass_gray.properties
[18:51:00] [Client thread/INFO]: [OptiFine] ConnectedTextures: mcpatcher/ctm/default/7_glass_gray/glass_pane_gray.properties
[18:51:00] [Client thread/INFO]: [OptiFine] ConnectedTextures: mcpatcher/ctm/default/8_glass_silver/glass_pane_silver.properties
[18:51:00] [Client thread/INFO]: [OptiFine] ConnectedTextures: mcpatcher/ctm/default/8_glass_silver/glass_silver.properties
[18:51:00] [Client thread/INFO]: [OptiFine] ConnectedTextures: mcpatcher/ctm/default/9_glass_cyan/glass_cyan.properties
[18:51:00] [Client thread/INFO]: [OptiFine] ConnectedTextures: mcpatcher/ctm/default/9_glass_cyan/glass_pane_cyan.properties
[18:51:00] [Client thread/INFO]: [OptiFine] ConnectedTextures: mcpatcher/ctm/default/bookshelf.properties
[18:51:00] [Client thread/INFO]: [OptiFine] ConnectedTextures: mcpatcher/ctm/default/glass.properties
[18:51:00] [Client thread/INFO]: [OptiFine] ConnectedTextures: mcpatcher/ctm/default/glasspane.properties
[18:51:00] [Client thread/INFO]: [OptiFine] ConnectedTextures: mcpatcher/ctm/default/sandstone.properties
[18:51:00] [Client thread/INFO]: [OptiFine] Multipass connected textures: false
[18:51:00] [Client thread/INFO]: [OptiFine] BetterGrass: Parsing default configuration optifine/bettergrass.properties
[18:51:01] [Thread-8/INFO]: Initializing LWJGL OpenAL
[18:51:01] [Thread-8/INFO]: (The LWJGL binding of OpenAL.  For more information, see http://www.lwjgl.org)
[18:51:01] [Thread-8/INFO]: OpenAL initialized.
[18:51:01] [Client thread/INFO]: Created: 1024x512 textures-atlas
[18:51:01] [Client thread/INFO]: [OptiFine] Animated sprites: 11
[18:51:01] [Client thread/INFO]: [OptiFine] *** Reloading custom textures ***
[18:51:01] [Client thread/INFO]: [OptiFine] Enable face culling: acacia_leaves, birch_leaves, dark_oak_leaves, jungle_leaves, oak_leaves, spruce_leaves
[18:51:01] [Sound Library Loader/INFO]: Sound engine started
[18:51:11] [Server thread/INFO]: jan ha conseguido el logro [Haciendo inventario]
[18:51:11] [Client thread/INFO]: [CHAT] jan ha conseguido el logro [Haciendo inventario]
[18:51:14] [Server thread/INFO]: Saving and pausing game...
[18:51:14] [Server thread/INFO]: Saving chunks for level 'Mundo nuevo'/Overworld
[18:51:14] [Server thread/INFO]: Saving chunks for level 'Mundo nuevo'/Nether
[18:51:14] [Server thread/INFO]: Saving chunks for level 'Mundo nuevo'/The End
[18:51:17] [Server thread/INFO]: Saving and pausing game...
[18:51:17] [Server thread/INFO]: Saving chunks for level 'Mundo nuevo'/Overworld
[18:51:17] [Server thread/INFO]: Saving chunks for level 'Mundo nuevo'/Nether
[18:51:17] [Server thread/INFO]: Saving chunks for level 'Mundo nuevo'/The End
[18:51:18] [Server thread/INFO]: Saving and pausing game...
[18:51:18] [Server thread/INFO]: Saving chunks for level 'Mundo nuevo'/Overworld
[18:51:18] [Server thread/INFO]: Saving chunks for level 'Mundo nuevo'/Nether
[18:51:18] [Server thread/INFO]: Saving chunks for level 'Mundo nuevo'/The End
[18:51:18] [Client thread/ERROR]: Realms module missing
java.lang.ClassNotFoundException: com.mojang.realmsclient.gui.screens.RealmsNotificationsScreen
	at net.minecraft.launchwrapper.LaunchClassLoader.findClass(LaunchClassLoader.java:98) ~[launchwrapper.jar:2.2]
	at java.lang.ClassLoader.loadClass(ClassLoader.java:588) ~[?:?]
	at java.lang.ClassLoader.loadClass(ClassLoader.java:521) ~[?:?]
	at java.lang.Class.forName0(Native Method) ~[?:?]
	at java.lang.Class.forName(Class.java:383) ~[?:?]
	at java.lang.Class.forName(Class.java:376) ~[?:?]
	at net.minecraft.realms.RealmsBridge.getNotificationScreen(SourceFile:32) ~[RealmsBridge.class:?]
	at aya.b(GuiMainMenu.java:254) ~[aya.class:?]
	at axu.a(SourceFile:376) ~[game.jar:?]
	at ave.a(SourceFile:819) ~[game.jar:?]
	at axp.a(SourceFile:52) ~[game.jar:?]
	at axu.a(SourceFile:350) ~[game.jar:?]
	at axu.k(SourceFile:413) ~[game.jar:?]
	at axu.p(SourceFile:390) ~[game.jar:?]
	at ave.s(SourceFile:1498) ~[game.jar:?]
	at ave.av(SourceFile:889) ~[game.jar:?]
	at ave.a(SourceFile:325) ~[game.jar:?]
	at net.minecraft.client.main.Main.main(SourceFile:124) ~[game.jar:?]
	at jdk.internal.reflect.DirectMethodHandleAccessor.invoke(DirectMethodHandleAccessor.java:104) ~[?:?]
	at java.lang.reflect.Method.invoke(Method.java:577) ~[?:?]
	at net.minecraft.launchwrapper.Launch.launch(Launch.java:159) ~[launchwrapper.jar:2.2]
	at net.minecraft.launchwrapper.Launch.main(Launch.java:30) ~[launchwrapper.jar:2.2]
[18:51:18] [Server thread/INFO]: Stopping server
[18:51:18] [Server thread/INFO]: Saving players
[18:51:18] [Server thread/INFO]: Saving worlds
[18:51:18] [Server thread/INFO]: Saving chunks for level 'Mundo nuevo'/Overworld
[18:51:18] [Server thread/INFO]: Saving chunks for level 'Mundo nuevo'/Nether
[18:51:18] [Server thread/INFO]: Saving chunks for level 'Mundo nuevo'/The End
[18:51:19] [Client thread/INFO]: Stopping!
[18:51:19] [Client thread/INFO]: SoundSystem shutting down...
[18:51:19] [Client thread/WARN]: Author: Paul Lamb, www.paulscode.com
